生成启动时间为 2018/2/2 16:54:43。
     1>项目“E:\Work\!debug\ttt\ttt\ttt.vcxproj”在节点 2 上(build 个目标)。
     1>InitializeBuildStatus:
         正在创建“Debug\ttt.unsuccessfulbuild”，因为已指定“AlwaysCreate”。
       ClCompile:
         所有输出均为最新。
         C:\Program Files (x86)\Microsoft Visual Studio 10.0\VC\bin\CL.exe /c /I"C:\Program Files (x86)\Visual Leak Detector\include" /ZI /nologo /W3 /WX- /Od /Oy- /D WIN32 /D _WINDOWS /D _DEBUG /D _AFXDLL /Gm /EHsc /RTC1 /MDd /GS /fp:precise /Zc:wchar_t /Zc:forScope /Yu"StdAfx.h" /Fp"Debug\ttt.pch" /Fo"Debug\\" /Fd"Debug\vc100.pdb" /Gd /TP /analyze- /errorReport:prompt tttDlg.cpp
         tttDlg.cpp
     1>e:\work\!debug\ttt\ttt\wattsctrl1.h(292): warning C4146: 一元负运算符应用于无符号类型，结果仍为无符号类型
     1>e:\work\!debug\ttt\ttt\tttdlg.cpp(389): warning C4101: “res”: 未引用的局部变量
     1>e:\work\!debug\ttt\ttt\tttdlg.cpp(680): warning C4101: “b”: 未引用的局部变量
     1>e:\work\!debug\ttt\ttt\tttdlg.cpp(789): warning C4244: “初始化”: 从“ULONGLONG”转换到“int”，可能丢失数据
     1>e:\work\!debug\ttt\ttt\tttdlg.cpp(904): warning C4244: “=”: 从“__time64_t”转换到“UL”，可能丢失数据
     1>e:\work\!debug\ttt\ttt\tttdlg.cpp(980): warning C4101: “i”: 未引用的局部变量
     1>e:\work\!debug\ttt\ttt\tttdlg.cpp(1024): warning C4101: “zdtime”: 未引用的局部变量
     1>e:\work\!debug\ttt\ttt\tttdlg.cpp(1026): warning C4101: “zd3”: 未引用的局部变量
     1>e:\work\!debug\ttt\ttt\tttdlg.cpp(1026): warning C4101: “zd5”: 未引用的局部变量
     1>e:\work\!debug\ttt\ttt\tttdlg.cpp(1023): warning C4101: “zddate”: 未引用的局部变量
     1>e:\work\!debug\ttt\ttt\tttdlg.cpp(1026): warning C4101: “zd4”: 未引用的局部变量
     1>e:\work\!debug\ttt\ttt\tttdlg.cpp(1025): warning C4101: “zdts”: 未引用的局部变量
     1>e:\work\!debug\ttt\ttt\tttdlg.cpp(1038): warning C4101: “i”: 未引用的局部变量
     1>e:\work\!debug\ttt\ttt\tttdlg.cpp(1211): warning C4244: “=”: 从“ULONGLONG”转换到“UL”，可能丢失数据
     1>e:\work\!debug\ttt\ttt\tttdlg.cpp(1374): warning C4101: “ret”: 未引用的局部变量
     1>e:\work\!debug\ttt\ttt\tttdlg.cpp(1438): warning C4244: “=”: 从“ULONGLONG”转换到“int”，可能丢失数据
     1>e:\work\!debug\ttt\ttt\tttdlg.cpp(1564): warning C4996: 'fopen': This function or variable may be unsafe. Consider using fopen_s instead. To disable deprecation, use _CRT_SECURE_NO_WARNINGS. See online help for details.
                 c:\program files (x86)\microsoft visual studio 10.0\vc\include\stdio.h(234) : 参见“fopen”的声明
     1>e:\work\!debug\ttt\ttt\tttdlg.cpp(1643): warning C4996: 'fopen': This function or variable may be unsafe. Consider using fopen_s instead. To disable deprecation, use _CRT_SECURE_NO_WARNINGS. See online help for details.
                 c:\program files (x86)\microsoft visual studio 10.0\vc\include\stdio.h(234) : 参见“fopen”的声明
     1>e:\work\!debug\ttt\ttt\tttdlg.cpp(1776): warning C4244: “=”: 从“ULONGLONG”转换到“int”，可能丢失数据
     1>e:\work\!debug\ttt\ttt\tttdlg.cpp(1894): warning C4996: 'strcpy': This function or variable may be unsafe. Consider using strcpy_s instead. To disable deprecation, use _CRT_SECURE_NO_WARNINGS. See online help for details.
                 c:\program files (x86)\microsoft visual studio 10.0\vc\include\string.h(105) : 参见“strcpy”的声明
     1>e:\work\!debug\ttt\ttt\tttdlg.cpp(1909): warning C4996: 'strcpy': This function or variable may be unsafe. Consider using strcpy_s instead. To disable deprecation, use _CRT_SECURE_NO_WARNINGS. See online help for details.
                 c:\program files (x86)\microsoft visual studio 10.0\vc\include\string.h(105) : 参见“strcpy”的声明
     1>e:\work\!debug\ttt\ttt\tttdlg.cpp(1924): warning C4996: 'strcpy': This function or variable may be unsafe. Consider using strcpy_s instead. To disable deprecation, use _CRT_SECURE_NO_WARNINGS. See online help for details.
                 c:\program files (x86)\microsoft visual studio 10.0\vc\include\string.h(105) : 参见“strcpy”的声明
     1>e:\work\!debug\ttt\ttt\tttdlg.cpp(2082): warning C4244: “初始化”: 从“__time64_t”转换到“UL”，可能丢失数据
     1>e:\work\!debug\ttt\ttt\tttdlg.cpp(2083): warning C4244: “初始化”: 从“__time64_t”转换到“UL”，可能丢失数据
     1>e:\work\!debug\ttt\ttt\tttdlg.cpp(2104): warning C4244: “初始化”: 从“LONGLONG”转换到“int”，可能丢失数据
     1>e:\work\!debug\ttt\ttt\tttdlg.cpp(2105): warning C4244: “参数”: 从“LONGLONG”转换到“unsigned long”，可能丢失数据
     1>e:\work\!debug\ttt\ttt\tttdlg.cpp(2114): warning C4101: “i”: 未引用的局部变量
     1>e:\work\!debug\ttt\ttt\tttdlg.cpp(2363): warning C4244: “参数”: 从“ULONGLONG”转换到“int”，可能丢失数据
     1>e:\work\!debug\ttt\ttt\tttdlg.cpp(2363): warning C4244: “参数”: 从“ULONGLONG”转换到“UINT”，可能丢失数据
       ResourceCompile:
         所有输出均为最新。
       ManifestResourceCompile:
         所有输出均为最新。
       Link:
         C:\Program Files (x86)\Microsoft Visual Studio 10.0\VC\bin\link.exe /ERRORREPORT:PROMPT /OUT:"E:\Work\!debug\ttt\Debug\ttt.exe" /INCREMENTAL /NOLOGO /LIBPATH:"C:\Program Files (x86)\Visual Leak Detector\lib\Win32" /MANIFEST /ManifestFile:"Debug\ttt.exe.intermediate.manifest" /MANIFESTUAC:"level='asInvoker' uiAccess='false'" /DEBUG /PDB:"E:\Work\!debug\ttt\Debug\ttt.pdb" /SUBSYSTEM:WINDOWS /TLBID:1 /ENTRY:"WinMainCRTStartup" /DYNAMICBASE /NXCOMPAT /IMPLIB:"E:\Work\!debug\ttt\Debug\ttt.lib" /MACHINE:X86 Debug\ttt.res
         Debug\ttt.exe.embed.manifest.res
         Debug\BASE64_API.obj
         Debug\DialogTab1.obj
         Debug\DialogTab2.obj
         Debug\OdbcSql.obj
         Debug\stdafx.obj
         Debug\ttt.obj
         Debug\tttDlg.obj
         Debug\VLCPlayer.obj
         Debug\wattsctrl1.obj
         ODBC32.LIB
       Manifest:
         C:\Program Files (x86)\Microsoft SDKs\Windows\v7.0A\bin\mt.exe /nologo /verbose /out:"Debug\ttt.exe.embed.manifest" /manifest Debug\ttt.exe.intermediate.manifest "C:\Program Files (x86)\Microsoft Visual Studio 10.0\VC\Include\Manifest\dpiaware.manifest"
         所有输出均为最新。
       LinkEmbedManifest:
         所有输出均为最新。
         ttt.vcxproj -> E:\Work\!debug\ttt\Debug\ttt.exe
       FinalizeBuildStatus:
         正在删除文件“Debug\ttt.unsuccessfulbuild”。
         正在对“Debug\ttt.lastbuildstate”执行 Touch 任务。
     1>已完成生成项目“E:\Work\!debug\ttt\ttt\ttt.vcxproj”(build 个目标)的操作。

生成成功。

已用时间 00:00:01.52
