C:\USERS\SEGAFAN\DESKTOP\TTT\DEBUG\TTT.EXE
C:\USERS\SEGAFAN\DESKTOP\TTT\DEBUG\TTT.ILK
C:\USERS\SEGAFAN\DESKTOP\TTT\DEBUG\TTT.PDB
C:\USERS\SEGAFAN\DESKTOP\TTT\TTT\DEBUG\BASE64_API.OBJ
C:\Users\Segafan\Desktop\ttt\ttt\Debug\cl.command.1.tlog
C:\Users\Segafan\Desktop\ttt\ttt\Debug\CL.read.1.tlog
C:\Users\Segafan\Desktop\ttt\ttt\Debug\CL.write.1.tlog
C:\Users\Segafan\Desktop\ttt\ttt\Debug\link.101048.read.1.tlog
C:\Users\Segafan\Desktop\ttt\ttt\Debug\link.101048.write.1.tlog
C:\Users\Segafan\Desktop\ttt\ttt\Debug\link.101048-cvtres.read.1.tlog
C:\Users\Segafan\Desktop\ttt\ttt\Debug\link.101048-cvtres.write.1.tlog
C:\Users\Segafan\Desktop\ttt\ttt\Debug\link.102260.read.1.tlog
C:\Users\Segafan\Desktop\ttt\ttt\Debug\link.102260.write.1.tlog
C:\Users\Segafan\Desktop\ttt\ttt\Debug\link.102260-cvtres.read.1.tlog
C:\Users\Segafan\Desktop\ttt\ttt\Debug\link.102260-cvtres.write.1.tlog
C:\Users\Segafan\Desktop\ttt\ttt\Debug\link.102396.read.1.tlog
C:\Users\Segafan\Desktop\ttt\ttt\Debug\link.102396.write.1.tlog
C:\Users\Segafan\Desktop\ttt\ttt\Debug\link.102396-cvtres.read.1.tlog
C:\Users\Segafan\Desktop\ttt\ttt\Debug\link.102396-cvtres.write.1.tlog
C:\Users\Segafan\Desktop\ttt\ttt\Debug\link.109592.read.1.tlog
C:\Users\Segafan\Desktop\ttt\ttt\Debug\link.109592.write.1.tlog
C:\Users\Segafan\Desktop\ttt\ttt\Debug\link.109592-cvtres.read.1.tlog
C:\Users\Segafan\Desktop\ttt\ttt\Debug\link.109592-cvtres.write.1.tlog
C:\Users\Segafan\Desktop\ttt\ttt\Debug\link.143368.read.1.tlog
C:\Users\Segafan\Desktop\ttt\ttt\Debug\link.143368.write.1.tlog
C:\Users\Segafan\Desktop\ttt\ttt\Debug\link.143368-cvtres.read.1.tlog
C:\Users\Segafan\Desktop\ttt\ttt\Debug\link.143368-cvtres.write.1.tlog
C:\Users\Segafan\Desktop\ttt\ttt\Debug\link.202740.read.1.tlog
C:\Users\Segafan\Desktop\ttt\ttt\Debug\link.202740.write.1.tlog
C:\Users\Segafan\Desktop\ttt\ttt\Debug\link.202740-cvtres.read.1.tlog
C:\Users\Segafan\Desktop\ttt\ttt\Debug\link.202740-cvtres.write.1.tlog
C:\Users\Segafan\Desktop\ttt\ttt\Debug\link.246508.read.1.tlog
C:\Users\Segafan\Desktop\ttt\ttt\Debug\link.246508.write.1.tlog
C:\Users\Segafan\Desktop\ttt\ttt\Debug\link.246508-cvtres.read.1.tlog
C:\Users\Segafan\Desktop\ttt\ttt\Debug\link.246508-cvtres.write.1.tlog
C:\Users\Segafan\Desktop\ttt\ttt\Debug\link.300060.read.1.tlog
C:\Users\Segafan\Desktop\ttt\ttt\Debug\link.300060.write.1.tlog
C:\Users\Segafan\Desktop\ttt\ttt\Debug\link.300060-cvtres.read.1.tlog
C:\Users\Segafan\Desktop\ttt\ttt\Debug\link.300060-cvtres.write.1.tlog
C:\Users\Segafan\Desktop\ttt\ttt\Debug\link.301244.read.1.tlog
C:\Users\Segafan\Desktop\ttt\ttt\Debug\link.301244.write.1.tlog
C:\Users\Segafan\Desktop\ttt\ttt\Debug\link.301244-cvtres.read.1.tlog
C:\Users\Segafan\Desktop\ttt\ttt\Debug\link.301244-cvtres.write.1.tlog
C:\Users\Segafan\Desktop\ttt\ttt\Debug\link.304800.read.1.tlog
C:\Users\Segafan\Desktop\ttt\ttt\Debug\link.304800.write.1.tlog
C:\Users\Segafan\Desktop\ttt\ttt\Debug\link.304800-cvtres.read.1.tlog
C:\Users\Segafan\Desktop\ttt\ttt\Debug\link.304800-cvtres.write.1.tlog
C:\Users\Segafan\Desktop\ttt\ttt\Debug\link.320040.read.1.tlog
C:\Users\Segafan\Desktop\ttt\ttt\Debug\link.320040.write.1.tlog
C:\Users\Segafan\Desktop\ttt\ttt\Debug\link.320040-cvtres.read.1.tlog
C:\Users\Segafan\Desktop\ttt\ttt\Debug\link.320040-cvtres.write.1.tlog
C:\Users\Segafan\Desktop\ttt\ttt\Debug\link.52020.read.1.tlog
C:\Users\Segafan\Desktop\ttt\ttt\Debug\link.52020.write.1.tlog
C:\Users\Segafan\Desktop\ttt\ttt\Debug\link.52020-cvtres.read.1.tlog
C:\Users\Segafan\Desktop\ttt\ttt\Debug\link.52020-cvtres.write.1.tlog
C:\Users\Segafan\Desktop\ttt\ttt\Debug\link.76416.read.1.tlog
C:\Users\Segafan\Desktop\ttt\ttt\Debug\link.76416.write.1.tlog
C:\Users\Segafan\Desktop\ttt\ttt\Debug\link.76416-cvtres.read.1.tlog
C:\Users\Segafan\Desktop\ttt\ttt\Debug\link.76416-cvtres.write.1.tlog
C:\Users\Segafan\Desktop\ttt\ttt\Debug\link.command.1.tlog
C:\Users\Segafan\Desktop\ttt\ttt\Debug\link.read.1.tlog
C:\Users\Segafan\Desktop\ttt\ttt\Debug\link.write.1.tlog
C:\Users\Segafan\Desktop\ttt\ttt\Debug\link-cvtres.read.1.tlog
C:\Users\Segafan\Desktop\ttt\ttt\Debug\link-cvtres.write.1.tlog
C:\Users\Segafan\Desktop\ttt\ttt\Debug\mt.command.1.tlog
C:\Users\Segafan\Desktop\ttt\ttt\Debug\mt.read.1.tlog
C:\Users\Segafan\Desktop\ttt\ttt\Debug\mt.write.1.tlog
C:\USERS\SEGAFAN\DESKTOP\TTT\TTT\DEBUG\ODBCSQL.OBJ
C:\Users\Segafan\Desktop\ttt\ttt\Debug\rc.command.1.tlog
C:\Users\Segafan\Desktop\ttt\ttt\Debug\rc.read.1.tlog
C:\Users\Segafan\Desktop\ttt\ttt\Debug\rc.write.1.tlog
C:\USERS\SEGAFAN\DESKTOP\TTT\TTT\DEBUG\STDAFX.OBJ
C:\USERS\SEGAFAN\DESKTOP\TTT\TTT\DEBUG\TTT.EXE.EMBED.MANIFEST
C:\USERS\SEGAFAN\DESKTOP\TTT\TTT\DEBUG\TTT.EXE.EMBED.MANIFEST.RES
C:\USERS\SEGAFAN\DESKTOP\TTT\TTT\DEBUG\TTT.EXE.INTERMEDIATE.MANIFEST
C:\USERS\SEGAFAN\DESKTOP\TTT\TTT\DEBUG\TTT.OBJ
C:\USERS\SEGAFAN\DESKTOP\TTT\TTT\DEBUG\TTT.PCH
C:\USERS\SEGAFAN\DESKTOP\TTT\TTT\DEBUG\TTT.RES
C:\Users\Segafan\Desktop\ttt\ttt\Debug\ttt.vcxprojResolveAssemblyReference.cache
C:\Users\Segafan\Desktop\ttt\ttt\Debug\ttt.write.1.tlog
C:\Users\Segafan\Desktop\ttt\ttt\Debug\ttt_manifest.rc
C:\USERS\SEGAFAN\DESKTOP\TTT\TTT\DEBUG\TTTDLG.OBJ
C:\Users\Segafan\Desktop\ttt\ttt\Debug\vc100.idb
C:\USERS\SEGAFAN\DESKTOP\TTT\TTT\DEBUG\VC100.PDB
C:\USERS\SEGAFAN\DESKTOP\TTT\TTT\DEBUG\VLCPLAYER.OBJ
