C:\USERS\SEGAFAN\DESKTOP\TTT\RELEASE\TTT.EXE
C:\USERS\SEGAFAN\DESKTOP\TTT\RELEASE\TTT.PDB
C:\USERS\SEGAFAN\DESKTOP\TTT\TTT\RELEASE\BASE64_API.OBJ
C:\Users\Segafan\Desktop\ttt\ttt\Release\cl.command.1.tlog
C:\Users\Segafan\Desktop\ttt\ttt\Release\CL.read.1.tlog
C:\Users\Segafan\Desktop\ttt\ttt\Release\CL.write.1.tlog
C:\Users\Segafan\Desktop\ttt\ttt\Release\link.command.1.tlog
C:\Users\Segafan\Desktop\ttt\ttt\Release\link.read.1.tlog
C:\Users\Segafan\Desktop\ttt\ttt\Release\link.write.1.tlog
C:\Users\Segafan\Desktop\ttt\ttt\Release\link-cvtres.read.1.tlog
C:\Users\Segafan\Desktop\ttt\ttt\Release\link-cvtres.write.1.tlog
C:\Users\Segafan\Desktop\ttt\ttt\Release\mt.command.1.tlog
C:\Users\Segafan\Desktop\ttt\ttt\Release\mt.read.1.tlog
C:\Users\Segafan\Desktop\ttt\ttt\Release\mt.write.1.tlog
C:\USERS\SEGAFAN\DESKTOP\TTT\TTT\RELEASE\ODBCSQL.OBJ
C:\Users\Segafan\Desktop\ttt\ttt\Release\rc.command.1.tlog
C:\Users\Segafan\Desktop\ttt\ttt\Release\rc.read.1.tlog
C:\Users\Segafan\Desktop\ttt\ttt\Release\rc.write.1.tlog
C:\USERS\SEGAFAN\DESKTOP\TTT\TTT\RELEASE\STDAFX.OBJ
C:\USERS\SEGAFAN\DESKTOP\TTT\TTT\RELEASE\TTT.EXE.INTERMEDIATE.MANIFEST
C:\USERS\SEGAFAN\DESKTOP\TTT\TTT\RELEASE\TTT.OBJ
C:\USERS\SEGAFAN\DESKTOP\TTT\TTT\RELEASE\TTT.PCH
C:\USERS\SEGAFAN\DESKTOP\TTT\TTT\RELEASE\TTT.RES
C:\Users\Segafan\Desktop\ttt\ttt\Release\ttt.vcxprojResolveAssemblyReference.cache
C:\Users\Segafan\Desktop\ttt\ttt\Release\ttt.write.1.tlog
C:\USERS\SEGAFAN\DESKTOP\TTT\TTT\RELEASE\TTTDLG.OBJ
C:\USERS\SEGAFAN\DESKTOP\TTT\TTT\RELEASE\VC100.PDB
C:\USERS\SEGAFAN\DESKTOP\TTT\TTT\RELEASE\VLCPLAYER.OBJ
